This file contains any messages produced by compilers while
running configure, to aid debugging if configure makes a mistake.

It was created by nul configure 0.1, which was
generated by GNU Autoconf 2.69.  Invocation command line was

  $ ./configure 

## --------- ##
## Platform. ##
## --------- ##

hostname = sion
uname -m = x86_64
uname -r = 3.8.9-200.fc18.x86_64
uname -s = Linux
uname -v = #1 SMP Fri Apr 26 12:50:07 UTC 2013

/usr/bin/uname -p = x86_64
/bin/uname -X     = unknown

/bin/arch              = x86_64
/usr/bin/arch -k       = unknown
/usr/convex/getsysinfo = unknown
/usr/bin/hostinfo      = unknown
/bin/machine           = unknown
/usr/bin/oslevel       = unknown
/bin/universe          = unknown

PATH: /usr/local/bin
PATH: /usr/bin
PATH: /bin
PATH: /usr/local/sbin
PATH: /usr/sbin
PATH: /home/benutzer/.local/bin
PATH: /home/benutzer/bin


## ----------- ##
## Core tests. ##
## ----------- ##

configure:1822: checking for a BSD-compatible install
configure:1890: result: /usr/bin/install -c
configure:1901: checking whether build environment is sane
configure:1956: result: yes
configure:2107: checking for a thread-safe mkdir -p
configure:2146: result: /usr/bin/mkdir -p
configure:2153: checking for gawk
configure:2169: found /usr/bin/gawk
configure:2180: result: gawk
configure:2191: checking whether make sets $(MAKE)
configure:2213: result: yes
configure:2351: checking for gcc
configure:2367: found /usr/bin/gcc
configure:2378: result: gcc
configure:2607: checking for C compiler version
configure:2616: gcc --version >&5
gcc (GCC) 4.7.2 20121109 (Red Hat 4.7.2-8)
Copyright (C) 2012 Free Software Foundation, Inc.
This is free software; see the source for copying conditions.  There is NO
warranty; not even for MERCHANTABILITY or FITNESS FOR A PARTICULAR PURPOSE.

configure:2627: $? = 0
configure:2616: gcc -v >&5
Using built-in specs.
COLLECT_GCC=gcc
COLLECT_LTO_WRAPPER=/usr/libexec/gcc/x86_64-redhat-linux/4.7.2/lto-wrapper
Target: x86_64-redhat-linux
Configured with: ../configure --prefix=/usr --mandir=/usr/share/man --infodir=/usr/share/info --with-bugurl=http://bugzilla.redhat.com/bugzilla --enable-bootstrap --enable-shared --enable-threads=posix --enable-checking=release --disable-build-with-cxx --disable-build-poststage1-with-cxx --with-system-zlib --enable-__cxa_atexit --disable-libunwind-exceptions --enable-gnu-unique-object --enable-linker-build-id --with-linker-hash-style=gnu --enable-languages=c,c++,objc,obj-c++,java,fortran,ada,go,lto --enable-plugin --enable-initfini-array --enable-java-awt=gtk --disable-dssi --with-java-home=/usr/lib/jvm/java-1.5.0-gcj-1.5.0.0/jre --enable-libgcj-multifile --enable-java-maintainer-mode --with-ecj-jar=/usr/share/java/eclipse-ecj.jar --disable-libjava-multilib --with-ppl --with-cloog --with-tune=generic --with-arch_32=i686 --build=x86_64-redhat-linux
Thread model: posix
gcc version 4.7.2 20121109 (Red Hat 4.7.2-8) (GCC) 
configure:2627: $? = 0
configure:2616: gcc -V >&5
gcc: error: unrecognized command line option '-V'
gcc: fatal error: no input files
compilation terminated.
configure:2627: $? = 4
configure:2616: gcc -qversion >&5
gcc: error: unrecognized command line option '-qversion'
gcc: fatal error: no input files
compilation terminated.
configure:2627: $? = 4
configure:2647: checking whether the C compiler works
configure:2669: gcc    conftest.c  >&5
configure:2673: $? = 0
configure:2721: result: yes
configure:2724: checking for C compiler default output file name
configure:2726: result: a.out
configure:2732: checking for suffix of executables
configure:2739: gcc -o conftest    conftest.c  >&5
configure:2743: $? = 0
configure:2765: result: 
configure:2787: checking whether we are cross compiling
configure:2795: gcc -o conftest    conftest.c  >&5
configure:2799: $? = 0
configure:2806: ./conftest
configure:2810: $? = 0
configure:2825: result: no
configure:2830: checking for suffix of object files
configure:2852: gcc -c   conftest.c >&5
configure:2856: $? = 0
configure:2877: result: o
configure:2881: checking whether we are using the GNU C compiler
configure:2900: gcc -c   conftest.c >&5
configure:2900: $? = 0
configure:2909: result: yes
configure:2918: checking whether gcc accepts -g
configure:2938: gcc -c -g  conftest.c >&5
configure:2938: $? = 0
configure:2979: result: yes
configure:2996: checking for gcc option to accept ISO C89
configure:3059: gcc  -c -g -O2  conftest.c >&5
configure:3059: $? = 0
configure:3072: result: none needed
configure:3103: checking for style of include used by make
configure:3131: result: GNU
configure:3157: checking dependency style of gcc
configure:3268: result: gcc3
configure:3439: checking that generated files are newer than configure
configure:3445: result: done
configure:3468: creating ./config.status

## ---------------------- ##
## Running config.status. ##
## ---------------------- ##

This file was extended by nul config.status 0.1, which was
generated by GNU Autoconf 2.69.  Invocation command line was

  CONFIG_FILES    = 
  CONFIG_HEADERS  = 
  CONFIG_LINKS    = 
  CONFIG_COMMANDS = 
  $ ./config.status 

on sion

config.status:768: creating Makefile
config.status:940: executing depfiles commands

## ---------------- ##
## Cache variables. ##
## ---------------- ##

ac_cv_c_compiler_gnu=yes
ac_cv_env_CC_set=
ac_cv_env_CC_value=
ac_cv_env_CFLAGS_set=
ac_cv_env_CFLAGS_value=
ac_cv_env_CPPFLAGS_set=
ac_cv_env_CPPFLAGS_value=
ac_cv_env_LDFLAGS_set=
ac_cv_env_LDFLAGS_value=
ac_cv_env_LIBS_set=
ac_cv_env_LIBS_value=
ac_cv_env_build_alias_set=
ac_cv_env_build_alias_value=
ac_cv_env_host_alias_set=
ac_cv_env_host_alias_value=
ac_cv_env_target_alias_set=
ac_cv_env_target_alias_value=
ac_cv_objext=o
ac_cv_path_install='/usr/bin/install -c'
ac_cv_path_mkdir=/usr/bin/mkdir
ac_cv_prog_AWK=gawk
ac_cv_prog_ac_ct_CC=gcc
ac_cv_prog_cc_c89=
ac_cv_prog_cc_g=yes
ac_cv_prog_make_make_set=yes
am_cv_CC_dependencies_compiler_type=gcc3

## ----------------- ##
## Output variables. ##
## ----------------- ##

ACLOCAL='${SHELL} /home/benutzer/test/missing --run aclocal-1.12'
AMDEPBACKSLASH='\'
AMDEP_FALSE='#'
AMDEP_TRUE=''
AMTAR='$${TAR-tar}'
AUTOCONF='${SHELL} /home/benutzer/test/missing --run autoconf'
AUTOHEADER='${SHELL} /home/benutzer/test/missing --run autoheader'
AUTOMAKE='${SHELL} /home/benutzer/test/missing --run automake-1.12'
AWK='gawk'
CC='gcc'
CCDEPMODE='depmode=gcc3'
CFLAGS='-g -O2'
CPPFLAGS=''
CYGPATH_W='echo'
DEFS='-DPACKAGE_NAME=\"nul\" -DPACKAGE_TARNAME=\"nul\" -DPACKAGE_VERSION=\"0.1\" -DPACKAGE_STRING=\"nul\ 0.1\" -DPACKAGE_BUGREPORT=\"\" -DPACKAGE_URL=\"\" -DPACKAGE=\"nul\" -DVERSION=\"0.1\"'
DEPDIR='.deps'
ECHO_C=''
ECHO_N='-n'
ECHO_T=''
EXEEXT=''
INSTALL_DATA='${INSTALL} -m 644'
INSTALL_PROGRAM='${INSTALL}'
INSTALL_SCRIPT='${INSTALL}'
INSTALL_STRIP_PROGRAM='$(install_sh) -c -s'
LDFLAGS=''
LIBOBJS=''
LIBS=''
LTLIBOBJS=''
MAKEINFO='${SHELL} /home/benutzer/test/missing --run makeinfo'
MKDIR_P='/usr/bin/mkdir -p'
OBJEXT='o'
PACKAGE='nul'
PACKAGE_BUGREPORT=''
PACKAGE_NAME='nul'
PACKAGE_STRING='nul 0.1'
PACKAGE_TARNAME='nul'
PACKAGE_URL=''
PACKAGE_VERSION='0.1'
PATH_SEPARATOR=':'
SET_MAKE=''
SHELL='/bin/sh'
STRIP=''
VERSION='0.1'
ac_ct_CC='gcc'
am__EXEEXT_FALSE=''
am__EXEEXT_TRUE='#'
am__fastdepCC_FALSE='#'
am__fastdepCC_TRUE=''
am__include='include'
am__isrc=''
am__leading_dot='.'
am__nodep='_no'
am__quote=''
am__tar='$${TAR-tar} chof - "$$tardir"'
am__untar='$${TAR-tar} xf -'
bindir='${exec_prefix}/bin'
build_alias=''
datadir='${datarootdir}'
datarootdir='${prefix}/share'
docdir='${datarootdir}/doc/${PACKAGE_TARNAME}'
dvidir='${docdir}'
exec_prefix='${prefix}'
host_alias=''
htmldir='${docdir}'
includedir='${prefix}/include'
infodir='${datarootdir}/info'
install_sh='${SHELL} /home/benutzer/test/install-sh'
libdir='${exec_prefix}/lib'
libexecdir='${exec_prefix}/libexec'
localedir='${datarootdir}/locale'
localstatedir='${prefix}/var'
mandir='${datarootdir}/man'
mkdir_p='$(MKDIR_P)'
oldincludedir='/usr/include'
pdfdir='${docdir}'
prefix='/usr/local'
program_transform_name='s,x,x,'
psdir='${docdir}'
sbindir='${exec_prefix}/sbin'
sharedstatedir='${prefix}/com'
sysconfdir='${prefix}/etc'
target_alias=''

## ----------- ##
## confdefs.h. ##
## ----------- ##

/* confdefs.h */
#define PACKAGE_NAME "nul"
#define PACKAGE_TARNAME "nul"
#define PACKAGE_VERSION "0.1"
#define PACKAGE_STRING "nul 0.1"
#define PACKAGE_BUGREPORT ""
#define PACKAGE_URL ""
#define PACKAGE "nul"
#define VERSION "0.1"

configure: exit 0
